example/build/outputs/logs/manifest-merger-debug-report.txt
-- Merging decision tree log ---
manifest
ADDED from src\main\AndroidManifest.xml:2:1-186:12
	package
		ADDED from src\main\AndroidManifest.xml:4:5-40
		INJECTED from src\main\AndroidManifest.xml
		INJECTED from src\main\AndroidManifest.xml
	android:versionName
		INJECTED from src\main\AndroidManifest.xml
		INJECTED from src\main\AndroidManifest.xml
	xmlns:tools
		ADDED from src\main\AndroidManifest.xml:3:5-51
	xmlns:android
		ADDED from src\main\AndroidManifest.xml:2:11-69
	android:versionCode
		INJECTED from src\main\AndroidManifest.xml
		INJECTED from src\main\AndroidManifest.xml
uses-permission#android.permission.ACCESS_NETWORK_STATE
ADDED from src\main\AndroidManifest.xml:6:5-79
MERGED from [d1nj4n:latte-core:unspecified] AndroidManifest.xml:13:5-79
MERGED from [cn.jiguang.sdk:jpush:3.0.1] AndroidManifest.xml:26:5-79
	android:name
		ADDED from src\main\AndroidManifest.xml:6:22-76
uses-permission#android.permission.ACCESS_WIFI_STATE
ADDED from src\main\AndroidManifest.xml:7:5-76
MERGED from [d1nj4n:latte-core:unspecified] AndroidManifest.xml:14:5-76
MERGED from [cn.jiguang.sdk:jpush:3.0.1] AndroidManifest.xml:27:5-76
	android:name
		ADDED from src\main\AndroidManifest.xml:7:22-73
uses-permission#android.permission.READ_PHONE_STATE
ADDED from src\main\AndroidManifest.xml:8:5-75
MERGED from [d1nj4n:latte-core:unspecified] AndroidManifest.xml:30:5-75
MERGED from [cn.jiguang.sdk:jpush:3.0.1] AndroidManifest.xml:20:5-75
	android:name
		ADDED from src\main\AndroidManifest.xml:8:22-72
uses-permission#android.permission.WRITE_EXTERNAL_STORAGE
ADDED from src\main\AndroidManifest.xml:9:5-81
MERGED from [d1nj4n:latte-core:unspecified] AndroidManifest.xml:21:5-81
MERGED from [cn.jiguang.sdk:jpush:3.0.1] AndroidManifest.xml:21:5-81
	android:name
		ADDED from src\main\AndroidManifest.xml:9:22-78
uses-permission#android.permission.ACCESS_FINE_LOCATION
ADDED from src\main\AndroidManifest.xml:11:5-79
MERGED from [cn.jiguang.sdk:jpush:3.0.1] AndroidManifest.xml:33:5-79
	android:name
		ADDED from src\main\AndroidManifest.xml:11:22-76
uses-permission#android.permission.ACCESS_COARSE_LOCATION
ADDED from src\main\AndroidManifest.xml:12:5-81
MERGED from [d1nj4n:latte-core:unspecified] AndroidManifest.xml:31:5-81
MERGED from [cn.jiguang.sdk:jpush:3.0.1] AndroidManifest.xml:31:5-81
	android:name
		ADDED from src\main\AndroidManifest.xml:12:22-78
uses-permission#android.permission.GET_TASKS
ADDED from src\main\AndroidManifest.xml:13:5-68
	android:name
		ADDED from src\main\AndroidManifest.xml:13:22-65
uses-permission#android.permission.CHANGE_WIFI_STATE
ADDED from src\main\AndroidManifest.xml:14:5-76
MERGED from [cn.jiguang.sdk:jpush:3.0.1] AndroidManifest.xml:32:5-76
	android:name
		ADDED from src\main\AndroidManifest.xml:14:22-73
uses-permission#android.permission.SYSTEM_ALERT_WINDOW
ADDED from src\main\AndroidManifest.xml:15:5-78
MERGED from [cn.jiguang.sdk:jpush:3.0.1] AndroidManifest.xml:30:5-78
	android:name
		ADDED from src\main\AndroidManifest.xml:15:22-75
application
ADDED from src\main\AndroidManifest.xml:17:5-184:19
MERGED from [d1nj4n:latte-ec:unspecified] AndroidManifest.xml:11:5-27:19
MERGED from [d1nj4n:latte-ui:unspecified] AndroidManifest.xml:11:5-15:19
MERGED from [d1nj4n:latte-core:unspecified] AndroidManifest.xml:33:5-43:19
MERGED from [com.android.support:cardview-v7:25.3.1] AndroidManifest.xml:26:5-20
MERGED from [com.android.support.constraint:constraint-layout:1.0.2] AndroidManifest.xml:9:5-20
MERGED from [me.yokeyword:fragmentation:1.0.3] AndroidManifest.xml:9:5-20
MERGED from [me.yokeyword:fragmentation-core:1.0.3] AndroidManifest.xml:9:5-20
MERGED from [me.yokeyword:fragmentation-swipeback:1.0.3] AndroidManifest.xml:9:5-20
MERGED from [com.github.niorgai:StatusBarCompat:2.1.3] AndroidManifest.xml:11:5-15:19
MERGED from [com.android.support:design:25.3.1] AndroidManifest.xml:29:5-20
MERGED from [com.android.support:transition:25.3.1] AndroidManifest.xml:26:5-20
MERGED from [com.android.support:support-v13:25.3.1] AndroidManifest.xml:29:5-20
MERGED from [me.dm7.barcodescanner:zbar:1.9.3] AndroidManifest.xml:11:5-20
MERGED from [me.dm7.barcodescanner:core:1.9.3] AndroidManifest.xml:11:5-20
MERGED from [com.choices.divider:RecyclerView_Divider:1.0.0] AndroidManifest.xml:11:5-15:19
MERGED from [com.github.bumptech.glide:okhttp3-integration:4.0.0-RC0] AndroidManifest.xml:10:5-14:19
MERGED from [com.android.support:appcompat-v7:25.3.1] AndroidManifest.xml:29:5-20
MERGED from [com.android.support:support-v4:25.3.1] AndroidManifest.xml:29:5-20
MERGED from [com.android.support:support-fragment:25.3.1] AndroidManifest.xml:29:5-20
MERGED from [com.android.support:support-media-compat:25.3.1] AndroidManifest.xml:29:5-20
MERGED from [com.android.support:support-core-ui:25.3.1] AndroidManifest.xml:29:5-20
MERGED from [com.android.support:support-core-utils:25.3.1] AndroidManifest.xml:29:5-20
MERGED from [com.android.support:animated-vector-drawable:25.3.1] AndroidManifest.xml:26:5-20
MERGED from [com.android.support:support-vector-drawable:25.3.1] AndroidManifest.xml:26:5-20
MERGED from [com.android.support:support-compat:25.3.1] AndroidManifest.xml:29:5-20
MERGED from [de.hdodenhof:circleimageview:2.1.0] AndroidManifest.xml:9:5-20
MERGED from [cn.jiguang.sdk:jpush:3.0.1] AndroidManifest.xml:37:5-128:19
MERGED from [cn.jiguang.sdk:jcore:1.1.0] AndroidManifest.xml:11:5-12:19
	android:label
		ADDED from src\main\AndroidManifest.xml:21:9-41
	android:supportsRtl
		ADDED from src\main\AndroidManifest.xml:23:9-35
	android:roundIcon
		ADDED from src\main\AndroidManifest.xml:22:9-54
	android:allowBackup
		ADDED from src\main\AndroidManifest.xml:19:9-35
	android:icon
		ADDED from src\main\AndroidManifest.xml:20:9-43
	android:theme
		ADDED from src\main\AndroidManifest.xml:24:9-40
	android:name
		ADDED from src\main\AndroidManifest.xml:18:9-35
activity#com.diabin.fastec.example.ExampleActivity
ADDED from src\main\AndroidManifest.xml:25:9-31:20
	android:name
		ADDED from src\main\AndroidManifest.xml:25:19-50
intent-filter#android.intent.action.MAIN+android.intent.category.LAUNCHER
ADDED from src\main\AndroidManifest.xml:26:13-30:29
action#android.intent.action.MAIN
ADDED from src\main\AndroidManifest.xml:27:17-69
	android:name
		ADDED from src\main\AndroidManifest.xml:27:25-66
category#android.intent.category.LAUNCHER
ADDED from src\main\AndroidManifest.xml:29:17-77
	android:name
		ADDED from src\main\AndroidManifest.xml:29:27-74
activity#com.diabin.fastec.example.wxapi.WXEntryActivity
ADDED from src\main\AndroidManifest.xml:33:9-44:20
	android:screenOrientation
		ADDED from src\main\AndroidManifest.xml:38:13-49
	android:label
		ADDED from src\main\AndroidManifest.xml:36:13-33
	android:launchMode
		ADDED from src\main\AndroidManifest.xml:37:13-43
	android:exported
		ADDED from src\main\AndroidManifest.xml:35:13-36
	android:theme
		ADDED from src\main\AndroidManifest.xml:39:13-63
	android:name
		ADDED from src\main\AndroidManifest.xml:34:13-50
intent-filter#android.intent.action.VIEW+android.intent.category.DEFAULT
ADDED from src\main\AndroidManifest.xml:40:13-43:29
action#android.intent.action.VIEW
ADDED from src\main\AndroidManifest.xml:41:17-69
	android:name
		ADDED from src\main\AndroidManifest.xml:41:25-66
category#android.intent.category.DEFAULT
ADDED from src\main\AndroidManifest.xml:42:17-76
	android:name
		ADDED from src\main\AndroidManifest.xml:42:27-73
activity#com.diabin.fastec.example.wxapi.WXPayEntryActivity
ADDED from src\main\AndroidManifest.xml:46:9-52:66
	android:screenOrientation
		ADDED from src\main\AndroidManifest.xml:51:13-49
	android:label
		ADDED from src\main\AndroidManifest.xml:49:13-35
	android:launchMode
		ADDED from src\main\AndroidManifest.xml:50:13-43
	android:exported
		ADDED from src\main\AndroidManifest.xml:48:13-36
	android:theme
		ADDED from src\main\AndroidManifest.xml:52:13-63
	android:name
		ADDED from src\main\AndroidManifest.xml:47:13-53
service#cn.jpush.android.service.PushService
ADDED from src\main\AndroidManifest.xml:56:9-66:19
MERGED from [cn.jiguang.sdk:jpush:3.0.1] AndroidManifest.xml:66:9-77:19
	android:enabled
		ADDED from src\main\AndroidManifest.xml:58:13-35
	android:process
		ADDED from [cn.jiguang.sdk:jpush:3.0.1] AndroidManifest.xml:70:13-40
	android:exported
		ADDED from src\main\AndroidManifest.xml:59:13-37
	android:name
		ADDED from src\main\AndroidManifest.xml:57:13-64
intent-filter#cn.jpush.android.intent.PUSH_TIME+cn.jpush.android.intent.PushService+cn.jpush.android.intent.REGISTER+cn.jpush.android.intent.REPORT
ADDED from src\main\AndroidManifest.xml:60:13-65:29
action#cn.jpush.android.intent.REGISTER
ADDED from src\main\AndroidManifest.xml:61:17-75
	android:name
		ADDED from src\main\AndroidManifest.xml:61:25-72
action#cn.jpush.android.intent.REPORT
ADDED from src\main\AndroidManifest.xml:62:17-73
	android:name
		ADDED from src\main\AndroidManifest.xml:62:25-70
action#cn.jpush.android.intent.PushService
ADDED from src\main\AndroidManifest.xml:63:17-78
	android:name
		ADDED from src\main\AndroidManifest.xml:63:25-75
action#cn.jpush.android.intent.PUSH_TIME
ADDED from src\main\AndroidManifest.xml:64:17-76
	android:name
		ADDED from src\main\AndroidManifest.xml:64:25-73
service#cn.jpush.android.service.DaemonService
ADDED from src\main\AndroidManifest.xml:70:9-78:19
MERGED from [cn.jiguang.sdk:jpush:3.0.1] AndroidManifest.xml:81:9-90:19
	android:enabled
		ADDED from src\main\AndroidManifest.xml:72:13-35
	android:exported
		ADDED from src\main\AndroidManifest.xml:73:13-36
	android:name
		ADDED from src\main\AndroidManifest.xml:71:13-66
intent-filter#cn.jpush.android.intent.DaemonService+com.diabin.fastec.example
ADDED from src\main\AndroidManifest.xml:74:13-77:29
action#cn.jpush.android.intent.DaemonService
ADDED from src\main\AndroidManifest.xml:75:17-80
	android:name
		ADDED from src\main\AndroidManifest.xml:75:25-77
category#com.diabin.fastec.example
ADDED from src\main\AndroidManifest.xml:76:17-70
	android:name
		ADDED from src\main\AndroidManifest.xml:76:27-67
receiver#cn.jpush.android.service.PushReceiver
ADDED from src\main\AndroidManifest.xml:81:9-101:20
MERGED from [cn.jiguang.sdk:jpush:3.0.1] AndroidManifest.xml:93:9-113:20
	android:enabled
		ADDED from src\main\AndroidManifest.xml:83:13-35
	android:process
		ADDED from [cn.jiguang.sdk:jpush:3.0.1] AndroidManifest.xml:97:13-40
	android:exported
		ADDED from [cn.jiguang.sdk:jpush:3.0.1] AndroidManifest.xml:96:13-37
	android:name
		ADDED from src\main\AndroidManifest.xml:82:13-65
intent-filter#cn.jpush.android.intent.NOTIFICATION_RECEIVED_PROXY+com.diabin.fastec.example
ADDED from src\main\AndroidManifest.xml:84:13-87:29
	android:priority
		ADDED from src\main\AndroidManifest.xml:84:28-51
action#cn.jpush.android.intent.NOTIFICATION_RECEIVED_PROXY
ADDED from src\main\AndroidManifest.xml:85:17-94
	android:name
		ADDED from src\main\AndroidManifest.xml:85:25-91
intent-filter#android.intent.action.USER_PRESENT+android.net.conn.CONNECTIVITY_CHANGE
ADDED from src\main\AndroidManifest.xml:88:13-93:29
action#android.intent.action.USER_PRESENT
ADDED from src\main\AndroidManifest.xml:89:17-77
	android:name
		ADDED from src\main\AndroidManifest.xml:89:25-74
action#android.net.conn.CONNECTIVITY_CHANGE
ADDED from src\main\AndroidManifest.xml:90:17-92:50
	tools:ignore
		ADDED from src\main\AndroidManifest.xml:92:21-47
	android:name
		ADDED from src\main\AndroidManifest.xml:91:21-72
intent-filter#android.intent.action.PACKAGE_ADDED+android.intent.action.PACKAGE_REMOVED
ADDED from src\main\AndroidManifest.xml:95:13-100:29
action#android.intent.action.PACKAGE_ADDED
ADDED from src\main\AndroidManifest.xml:96:17-78
	android:name
		ADDED from src\main\AndroidManifest.xml:96:25-75
action#android.intent.action.PACKAGE_REMOVED
ADDED from src\main\AndroidManifest.xml:97:17-80
	android:name
		ADDED from src\main\AndroidManifest.xml:97:25-77
data
ADDED from src\main\AndroidManifest.xml:99:17-50
	android:scheme
		ADDED from src\main\AndroidManifest.xml:99:23-47
activity#cn.jpush.android.ui.PushActivity
ADDED from src\main\AndroidManifest.xml:104:9-115:20
MERGED from [cn.jiguang.sdk:jpush:3.0.1] AndroidManifest.xml:46:9-57:20
	android:exported
		ADDED from src\main\AndroidManifest.xml:107:13-37
	android:configChanges
		ADDED from src\main\AndroidManifest.xml:106:13-63
	android:theme
		ADDED from src\main\AndroidManifest.xml:108:13-60
	android:name
		ADDED from src\main\AndroidManifest.xml:105:13-60
intent-filter#android.intent.category.DEFAULT+cn.jpush.android.ui.PushActivity+com.diabin.fastec.example
ADDED from src\main\AndroidManifest.xml:109:13-114:29
action#cn.jpush.android.ui.PushActivity
ADDED from src\main\AndroidManifest.xml:110:17-75
	android:name
		ADDED from src\main\AndroidManifest.xml:110:25-72
service#cn.jpush.android.service.DownloadService
ADDED from src\main\AndroidManifest.xml:118:9-121:40
MERGED from [cn.jiguang.sdk:jpush:3.0.1] AndroidManifest.xml:59:9-62:40
	android:enabled
		ADDED from src\main\AndroidManifest.xml:120:13-35
	android:exported
		ADDED from src\main\AndroidManifest.xml:121:13-37
	android:name
		ADDED from src\main\AndroidManifest.xml:119:13-68
receiver#cn.jpush.android.service.AlarmReceiver
ADDED from src\main\AndroidManifest.xml:124:9-75
MERGED from [cn.jiguang.sdk:jpush:3.0.1] AndroidManifest.xml:116:9-118:40
	android:exported
		ADDED from [cn.jiguang.sdk:jpush:3.0.1] AndroidManifest.xml:118:13-37
	android:name
		ADDED from src\main\AndroidManifest.xml:124:19-72
receiver#com.diabin.fastec.example.push.PushReceiver
ADDED from src\main\AndroidManifest.xml:127:9-143:20
	android:enabled
		ADDED from src\main\AndroidManifest.xml:129:13-35
	android:name
		ADDED from src\main\AndroidManifest.xml:128:13-46
intent-filter#cn.jpush.android.intent.CONNECTION+cn.jpush.android.intent.MESSAGE_RECEIVED+cn.jpush.android.intent.NOTIFICATION_OPENED+cn.jpush.android.intent.NOTIFICATION_RECEIVED+cn.jpush.android.intent.REGISTRATION+com.diabin.fastec.example
ADDED from src\main\AndroidManifest.xml:130:13-142:29
action#cn.jpush.android.intent.REGISTRATION
ADDED from src\main\AndroidManifest.xml:132:17-79
	android:name
		ADDED from src\main\AndroidManifest.xml:132:25-76
action#cn.jpush.android.intent.MESSAGE_RECEIVED
ADDED from src\main\AndroidManifest.xml:134:17-83
	android:name
		ADDED from src\main\AndroidManifest.xml:134:25-80
action#cn.jpush.android.intent.NOTIFICATION_RECEIVED
ADDED from src\main\AndroidManifest.xml:136:17-88
	android:name
		ADDED from src\main\AndroidManifest.xml:136:25-85
action#cn.jpush.android.intent.NOTIFICATION_OPENED
ADDED from src\main\AndroidManifest.xml:138:17-86
	android:name
		ADDED from src\main\AndroidManifest.xml:138:25-83
action#cn.jpush.android.intent.CONNECTION
ADDED from src\main\AndroidManifest.xml:140:17-77
	android:name
		ADDED from src\main\AndroidManifest.xml:140:25-74
meta-data#JPUSH_CHANNEL
ADDED from src\main\AndroidManifest.xml:151:9-153:49
MERGED from [cn.jiguang.sdk:jpush:3.0.1] AndroidManifest.xml:121:9-123:48
	android:value
		ADDED from src\main\AndroidManifest.xml:153:13-46
	android:name
		ADDED from src\main\AndroidManifest.xml:152:13-41
meta-data#JPUSH_APPKEY
ADDED from src\main\AndroidManifest.xml:155:9-157:56
MERGED from [cn.jiguang.sdk:jpush:3.0.1] AndroidManifest.xml:124:9-126:47
	android:value
		ADDED from src\main\AndroidManifest.xml:157:13-53
	android:name
		ADDED from src\main\AndroidManifest.xml:156:13-40
activity#com.mob.tools.MobUIShell
ADDED from src\main\AndroidManifest.xml:161:9-182:20
	android:screenOrientation
		ADDED from src\main\AndroidManifest.xml:164:13-49
	android:windowSoftInputMode
		ADDED from src\main\AndroidManifest.xml:166:13-67
	android:configChanges
		ADDED from src\main\AndroidManifest.xml:163:13-74
	android:theme
		ADDED from src\main\AndroidManifest.xml:165:13-72
	android:name
		ADDED from src\main\AndroidManifest.xml:162:13-52
intent-filter#android.intent.action.VIEW+android.intent.category.BROWSABLE+android.intent.category.DEFAULT
ADDED from src\main\AndroidManifest.xml:168:13-174:29
category#android.intent.category.BROWSABLE
ADDED from src\main\AndroidManifest.xml:172:17-78
	android:name
		ADDED from src\main\AndroidManifest.xml:172:27-75
intent-filter#android.intent.category.DEFAULT+com.sina.weibo.sdk.action.ACTION_SDK_REQ_ACTIVITY
ADDED from src\main\AndroidManifest.xml:177:13-180:29
action#com.sina.weibo.sdk.action.ACTION_SDK_REQ_ACTIVITY
ADDED from src\main\AndroidManifest.xml:178:17-92
	android:name
		ADDED from src\main\AndroidManifest.xml:178:25-89
uses-sdk
INJECTED from src\main\AndroidManifest.xml reason: use-sdk injection requested
MERGED from [d1nj4n:latte-ec:unspecified] AndroidManifest.xml:7:5-9:41
MERGED from [d1nj4n:latte-ui:unspecified] AndroidManifest.xml:7:5-9:41
MERGED from [d1nj4n:latte-core:unspecified] AndroidManifest.xml:7:5-9:41
MERGED from [com.android.support:cardview-v7:25.3.1] AndroidManifest.xml:20:5-43
MERGED from [com.android.support:multidex:1.0.1] AndroidManifest.xml:18:5-42
MERGED from [com.android.support.constraint:constraint-layout:1.0.2] AndroidManifest.xml:5:5-7:41
MERGED from [me.yokeyword:fragmentation:1.0.3] AndroidManifest.xml:5:5-7:41
MERGED from [me.yokeyword:fragmentation-core:1.0.3] AndroidManifest.xml:5:5-7:41
MERGED from [me.yokeyword:fragmentation-swipeback:1.0.3] AndroidManifest.xml:5:5-7:41
MERGED from [com.joanzapata.iconify:android-iconify-ionicons:2.2.2] AndroidManifest.xml:6:5-43
MERGED from [com.joanzapata.iconify:android-iconify-fontawesome:2.2.2] AndroidManifest.xml:6:5-43
MERGED from [com.joanzapata.iconify:android-iconify:2.2.2] AndroidManifest.xml:6:5-43
MERGED from [com.jakewharton:butterknife:8.6.0] AndroidManifest.xml:5:5-43
MERGED from [com.wang.avi:library:2.1.3] AndroidManifest.xml:7:5-9:41
MERGED from [com.orhanobut:logger:2.1.1] AndroidManifest.xml:6:5-43
MERGED from [com.github.niorgai:StatusBarCompat:2.1.3] AndroidManifest.xml:7:5-9:41
MERGED from [com.android.support:design:25.3.1] AndroidManifest.xml:21:5-23:62
MERGED from [com.android.support:transition:25.3.1] AndroidManifest.xml:20:5-44
MERGED from [com.blankj:utilcode:1.7.1] AndroidManifest.xml:8:5-44
MERGED from [com.github.hotchemi:permissionsdispatcher:2.4.0] AndroidManifest.xml:6:5-8:41
MERGED from [com.android.support:support-v13:25.3.1] AndroidManifest.xml:21:5-23:55
MERGED from [com.github.yalantis:ucrop:2.2.1-native] AndroidManifest.xml:8:5-10:41
MERGED from [me.dm7.barcodescanner:zbar:1.9.3] AndroidManifest.xml:7:5-9:41
MERGED from [me.dm7.barcodescanner:core:1.9.3] AndroidManifest.xml:7:5-9:41
MERGED from [com.github.CymChad:BaseRecyclerViewAdapterHelper:2.9.22] AndroidManifest.xml:7:5-9:41
MERGED from [com.choices.divider:RecyclerView_Divider:1.0.0] AndroidManifest.xml:7:5-9:41
MERGED from [com.android.support:recyclerview-v7:25.3.1] AndroidManifest.xml:20:5-43
MERGED from [com.github.bumptech.glide:okhttp3-integration:4.0.0-RC0] AndroidManifest.xml:6:5-8:41
MERGED from [com.bigkoo:convenientbanner:2.0.5] AndroidManifest.xml:7:5-44
MERGED from [com.android.support:appcompat-v7:25.3.1] AndroidManifest.xml:21:5-23:78
MERGED from [com.android.support:support-v4:25.3.1] AndroidManifest.xml:21:5-23:54
MERGED from [com.android.support:support-fragment:25.3.1] AndroidManifest.xml:21:5-23:60
MERGED from [com.android.support:support-media-compat:25.3.1] AndroidManifest.xml:21:5-23:63
MERGED from [com.android.support:support-core-ui:25.3.1] AndroidManifest.xml:21:5-23:58
MERGED from [com.android.support:support-core-utils:25.3.1] AndroidManifest.xml:21:5-23:61
MERGED from [com.android.support:animated-vector-drawable:25.3.1] AndroidManifest.xml:20:5-44
MERGED from [com.android.support:support-vector-drawable:25.3.1] AndroidManifest.xml:20:5-43
MERGED from [com.android.support:support-compat:25.3.1] AndroidManifest.xml:21:5-23:58
MERGED from [com.ToxicBakery.viewpager.transforms:view-pager-transforms:1.2.32] AndroidManifest.xml:23:5-25:41
MERGED from [com.daimajia.easing:library:1.0.1] AndroidManifest.xml:8:5-10:41
MERGED from [com.daimajia.androidanimations:library:1.1.3] AndroidManifest.xml:8:5-10:41
MERGED from [de.hdodenhof:circleimageview:2.1.0] AndroidManifest.xml:5:5-7:41
MERGED from [cn.jiguang.sdk:jpush:3.0.1] AndroidManifest.xml:7:5-9:41
MERGED from [cn.jiguang.sdk:jcore:1.1.0] AndroidManifest.xml:7:5-9:41
	tools:overrideLibrary
		ADDED from [com.android.support:design:25.3.1] AndroidManifest.xml:23:9-59
	android:targetSdkVersion
		INJECTED from src\main\AndroidManifest.xml
		INJECTED from src\main\AndroidManifest.xml
	android:minSdkVersion
		INJECTED from src\main\AndroidManifest.xml
		INJECTED from src\main\AndroidManifest.xml
activity#com.alipay.sdk.app.H5PayActivity
ADDED from [d1nj4n:latte-ec:unspecified] AndroidManifest.xml:17:9-21:50
	android:screenOrientation
		ADDED from [d1nj4n:latte-ec:unspecified] AndroidManifest.xml:21:13-47
	android:exported
		ADDED from [d1nj4n:latte-ec:unspecified] AndroidManifest.xml:20:13-37
	android:configChanges
		ADDED from [d1nj4n:latte-ec:unspecified] AndroidManifest.xml:19:13-74
	android:name
		ADDED from [d1nj4n:latte-ec:unspecified] AndroidManifest.xml:18:13-60
activity#com.alipay.sdk.auth.AuthActivity
ADDED from [d1nj4n:latte-ec:unspecified] AndroidManifest.xml:22:9-26:50
	android:screenOrientation
		ADDED from [d1nj4n:latte-ec:unspecified] AndroidManifest.xml:26:13-47
	android:exported
		ADDED from [d1nj4n:latte-ec:unspecified] AndroidManifest.xml:25:13-37
	android:configChanges
		ADDED from [d1nj4n:latte-ec:unspecified] AndroidManifest.xml:24:13-74
	android:name
		ADDED from [d1nj4n:latte-ec:unspecified] AndroidManifest.xml:23:13-60
uses-permission#android.permission.INTERNET
ADDED from [d1nj4n:latte-core:unspecified] AndroidManifest.xml:12:5-67
MERGED from [cn.jiguang.sdk:jpush:3.0.1] AndroidManifest.xml:18:5-67
	android:name
		ADDED from [d1nj4n:latte-core:unspecified] AndroidManifest.xml:12:22-64
uses-permission#android.permission.CALL_PHONE
ADDED from [d1nj4n:latte-core:unspecified] AndroidManifest.xml:17:5-69
	android:name
		ADDED from [d1nj4n:latte-core:unspecified] AndroidManifest.xml:17:22-66
uses-permission#android.permission.READ_EXTERNAL_STORAGE
ADDED from [d1nj4n:latte-core:unspecified] AndroidManifest.xml:20:5-80
MERGED from [cn.jiguang.sdk:jpush:3.0.1] AndroidManifest.xml:22:5-80
	android:name
		ADDED from [d1nj4n:latte-core:unspecified] AndroidManifest.xml:20:22-77
uses-permission#android.permission.VIBRATE
ADDED from [d1nj4n:latte-core:unspecified] AndroidManifest.xml:24:5-66
MERGED from [cn.jiguang.sdk:jpush:3.0.1] AndroidManifest.xml:24:5-66
	android:name
		ADDED from [d1nj4n:latte-core:unspecified] AndroidManifest.xml:24:22-63
uses-permission#android.permission.CAMERA
ADDED from [d1nj4n:latte-core:unspecified] AndroidManifest.xml:25:5-65
	android:name
		ADDED from [d1nj4n:latte-core:unspecified] AndroidManifest.xml:25:22-62
uses-feature#android.hardware.camera
ADDED from [d1nj4n:latte-core:unspecified] AndroidManifest.xml:27:5-60
	android:name
		ADDED from [d1nj4n:latte-core:unspecified] AndroidManifest.xml:27:19-57
uses-feature#android.hardware.camera.autofocus
ADDED from [d1nj4n:latte-core:unspecified] AndroidManifest.xml:28:5-70
	android:name
		ADDED from [d1nj4n:latte-core:unspecified] AndroidManifest.xml:28:19-67
activity#com.yalantis.ucrop.UCropActivity
ADDED from [d1nj4n:latte-core:unspecified] AndroidManifest.xml:39:9-42:72
	android:screenOrientation
		ADDED from [d1nj4n:latte-core:unspecified] AndroidManifest.xml:41:13-49
	android:theme
		ADDED from [d1nj4n:latte-core:unspecified] AndroidManifest.xml:42:13-69
	android:name
		ADDED from [d1nj4n:latte-core:unspecified] AndroidManifest.xml:40:13-60
meta-data#android.support.VERSION
ADDED from [com.android.support:cardview-v7:25.3.1] AndroidManifest.xml:22:5-24:34
MERGED from [com.android.support:design:25.3.1] AndroidManifest.xml:25:5-27:34
MERGED from [com.android.support:transition:25.3.1] AndroidManifest.xml:22:5-24:34
MERGED from [com.android.support:support-v13:25.3.1] AndroidManifest.xml:25:5-27:34
MERGED from [com.android.support:recyclerview-v7:25.3.1] AndroidManifest.xml:22:5-24:34
MERGED from [com.android.support:appcompat-v7:25.3.1] AndroidManifest.xml:25:5-27:34
MERGED from [com.android.support:support-v4:25.3.1] AndroidManifest.xml:25:5-27:34
MERGED from [com.android.support:support-fragment:25.3.1] AndroidManifest.xml:25:5-27:34
MERGED from [com.android.support:support-media-compat:25.3.1] AndroidManifest.xml:25:5-27:34
MERGED from [com.android.support:support-core-ui:25.3.1] AndroidManifest.xml:25:5-27:34
MERGED from [com.android.support:support-core-utils:25.3.1] AndroidManifest.xml:25:5-27:34
MERGED from [com.android.support:animated-vector-drawable:25.3.1] AndroidManifest.xml:22:5-24:34
MERGED from [com.android.support:support-vector-drawable:25.3.1] AndroidManifest.xml:22:5-24:34
MERGED from [com.android.support:support-compat:25.3.1] AndroidManifest.xml:25:5-27:34
	android:value
		ADDED from [com.android.support:cardview-v7:25.3.1] AndroidManifest.xml:24:9-31
	android:name
		ADDED from [com.android.support:cardview-v7:25.3.1] AndroidManifest.xml:23:9-47
meta-data#com.bumptech.glide.integration.okhttp3.OkHttpGlideModule
ADDED from [com.github.bumptech.glide:okhttp3-integration:4.0.0-RC0] AndroidManifest.xml:11:9-13:43
	android:value
		ADDED from [com.github.bumptech.glide:okhttp3-integration:4.0.0-RC0] AndroidManifest.xml:13:13-40
	android:name
		ADDED from [com.github.bumptech.glide:okhttp3-integration:4.0.0-RC0] AndroidManifest.xml:12:13-84
permission#${JPUSH_PKGNAME}.permission.JPUSH_MESSAGE
ADDED from [cn.jiguang.sdk:jpush:3.0.1] AndroidManifest.xml:11:5-13:47
	android:protectionLevel
		ADDED from [cn.jiguang.sdk:jpush:3.0.1] AndroidManifest.xml:13:9-44
	android:name
		ADDED from [cn.jiguang.sdk:jpush:3.0.1] AndroidManifest.xml:12:9-65
uses-permission#${JPUSH_PKGNAME}.permission.JPUSH_MESSAGE
ADDED from [cn.jiguang.sdk:jpush:3.0.1] AndroidManifest.xml:16:5-81
	android:name
		ADDED from [cn.jiguang.sdk:jpush:3.0.1] AndroidManifest.xml:16:22-78
uses-permission#android.permission.RECEIVE_USER_PRESENT
ADDED from [cn.jiguang.sdk:jpush:3.0.1] AndroidManifest.xml:17:5-79
	android:name
		ADDED from [cn.jiguang.sdk:jpush:3.0.1] AndroidManifest.xml:17:22-76
uses-permission#android.permission.WAKE_LOCK
ADDED from [cn.jiguang.sdk:jpush:3.0.1] AndroidManifest.xml:19:5-68
	android:name
		ADDED from [cn.jiguang.sdk:jpush:3.0.1] AndroidManifest.xml:19:22-65
uses-permission#android.permission.WRITE_SETTINGS
ADDED from [cn.jiguang.sdk:jpush:3.0.1] AndroidManifest.xml:23:5-73
	android:name
		ADDED from [cn.jiguang.sdk:jpush:3.0.1] AndroidManifest.xml:23:22-70
uses-permission#android.permission.MOUNT_UNMOUNT_FILESYSTEMS
ADDED from [cn.jiguang.sdk:jpush:3.0.1] AndroidManifest.xml:25:5-84
	android:name
		ADDED from [cn.jiguang.sdk:jpush:3.0.1] AndroidManifest.xml:25:22-81
uses-permission#android.permission.ACCESS_LOCATION_EXTRA_COMMANDS
ADDED from [cn.jiguang.sdk:jpush:3.0.1] AndroidManifest.xml:34:5-89
	android:name
		ADDED from [cn.jiguang.sdk:jpush:3.0.1] AndroidManifest.xml:34:22-86
uses-permission#android.permission.CHANGE_NETWORK_STATE
ADDED from [cn.jiguang.sdk:jpush:3.0.1] AndroidManifest.xml:35:5-79
	android:name
		ADDED from [cn.jiguang.sdk:jpush:3.0.1] AndroidManifest.xml:35:22-76
activity#cn.jpush.android.ui.PopWinActivity
ADDED from [cn.jiguang.sdk:jpush:3.0.1] AndroidManifest.xml:40:9-43:52
	android:exported
		ADDED from [cn.jiguang.sdk:jpush:3.0.1] AndroidManifest.xml:42:13-37
	android:theme
		ADDED from [cn.jiguang.sdk:jpush:3.0.1] AndroidManifest.xml:43:13-49
	android:name
		ADDED from [cn.jiguang.sdk:jpush:3.0.1] AndroidManifest.xml:41:13-62